Determining if the function crc32c_value exists in the crc32c failed with the following output:
Change Dir: /Users/tutmt/rust/sample/target/debug/build/leveldb-sys-1762b994d43a3f28/out/build/CMakeFiles/CMakeTmp

Run Build Command(s):/usr/bin/make -f Makefile cmTC_01ed6/fast && /Applications/Xcode.app/Contents/Developer/usr/bin/make  -f CMakeFiles/cmTC_01ed6.dir/build.make CMakeFiles/cmTC_01ed6.dir/build
Building C object CMakeFiles/cmTC_01ed6.dir/CheckFunctionExists.c.o
/usr/bin/cc   -I/Users/tutmt/rust/sample/target/debug/build/leveldb-sys-1762b994d43a3f28/out/include -ffunction-sections -fdata-sections -fPIC -arch arm64 -DCHECK_FUNCTION_EXISTS=crc32c_value -arch arm64 -isysroot /Applications/Xcode.app/Contents/Developer/Platforms/MacOSX.platform/Developer/SDKs/MacOSX12.1.sdk -std=c11 -MD -MT CMakeFiles/cmTC_01ed6.dir/CheckFunctionExists.c.o -MF CMakeFiles/cmTC_01ed6.dir/CheckFunctionExists.c.o.d -o CMakeFiles/cmTC_01ed6.dir/CheckFunctionExists.c.o -c /opt/homebrew/Cellar/cmake/3.22.1/share/cmake/Modules/CheckFunctionExists.c
Linking C executable cmTC_01ed6
/opt/homebrew/Cellar/cmake/3.22.1/bin/cmake -E cmake_link_script CMakeFiles/cmTC_01ed6.dir/link.txt --verbose=1
/usr/bin/cc  -I/Users/tutmt/rust/sample/target/debug/build/leveldb-sys-1762b994d43a3f28/out/include -ffunction-sections -fdata-sections -fPIC -arch arm64 -DCHECK_FUNCTION_EXISTS=crc32c_value -arch arm64 -isysroot /Applications/Xcode.app/Contents/Developer/Platforms/MacOSX.platform/Developer/SDKs/MacOSX12.1.sdk -Wl,-search_paths_first -Wl,-headerpad_max_install_names -L/Users/tutmt/rust/sample/target/debug/build/leveldb-sys-1762b994d43a3f28/out/lib  CMakeFiles/cmTC_01ed6.dir/CheckFunctionExists.c.o -o cmTC_01ed6  -lcrc32c 
ld: library not found for -lcrc32c
clang: error: linker command failed with exit code 1 (use -v to see invocation)
make[1]: *** [cmTC_01ed6] Error 1
make: *** [cmTC_01ed6/fast] Error 2



Determining if the function malloc exists in the tcmalloc failed with the following output:
Change Dir: /Users/tutmt/rust/sample/target/debug/build/leveldb-sys-1762b994d43a3f28/out/build/CMakeFiles/CMakeTmp

Run Build Command(s):/usr/bin/make -f Makefile cmTC_8d598/fast && /Applications/Xcode.app/Contents/Developer/usr/bin/make  -f CMakeFiles/cmTC_8d598.dir/build.make CMakeFiles/cmTC_8d598.dir/build
Building C object CMakeFiles/cmTC_8d598.dir/CheckFunctionExists.c.o
/usr/bin/cc   -I/Users/tutmt/rust/sample/target/debug/build/leveldb-sys-1762b994d43a3f28/out/include -ffunction-sections -fdata-sections -fPIC -arch arm64 -DCHECK_FUNCTION_EXISTS=malloc -arch arm64 -isysroot /Applications/Xcode.app/Contents/Developer/Platforms/MacOSX.platform/Developer/SDKs/MacOSX12.1.sdk -std=c11 -MD -MT CMakeFiles/cmTC_8d598.dir/CheckFunctionExists.c.o -MF CMakeFiles/cmTC_8d598.dir/CheckFunctionExists.c.o.d -o CMakeFiles/cmTC_8d598.dir/CheckFunctionExists.c.o -c /opt/homebrew/Cellar/cmake/3.22.1/share/cmake/Modules/CheckFunctionExists.c
/opt/homebrew/Cellar/cmake/3.22.1/share/cmake/Modules/CheckFunctionExists.c:7:3: warning: incompatible redeclaration of library function 'malloc' [-Wincompatible-library-redeclaration]
  CHECK_FUNCTION_EXISTS(void);
  ^
<command line>:1:31: note: expanded from here
#define CHECK_FUNCTION_EXISTS malloc
                              ^
/opt/homebrew/Cellar/cmake/3.22.1/share/cmake/Modules/CheckFunctionExists.c:7:3: note: 'malloc' is a builtin with type 'void *(unsigned long)'
<command line>:1:31: note: expanded from here
#define CHECK_FUNCTION_EXISTS malloc
                              ^
1 warning generated.
Linking C executable cmTC_8d598
/opt/homebrew/Cellar/cmake/3.22.1/bin/cmake -E cmake_link_script CMakeFiles/cmTC_8d598.dir/link.txt --verbose=1
/usr/bin/cc  -I/Users/tutmt/rust/sample/target/debug/build/leveldb-sys-1762b994d43a3f28/out/include -ffunction-sections -fdata-sections -fPIC -arch arm64 -DCHECK_FUNCTION_EXISTS=malloc -arch arm64 -isysroot /Applications/Xcode.app/Contents/Developer/Platforms/MacOSX.platform/Developer/SDKs/MacOSX12.1.sdk -Wl,-search_paths_first -Wl,-headerpad_max_install_names -L/Users/tutmt/rust/sample/target/debug/build/leveldb-sys-1762b994d43a3f28/out/lib  CMakeFiles/cmTC_8d598.dir/CheckFunctionExists.c.o -o cmTC_8d598  -ltcmalloc 
ld: library not found for -ltcmalloc
clang: error: linker command failed with exit code 1 (use -v to see invocation)
make[1]: *** [cmTC_8d598] Error 1
make: *** [cmTC_8d598/fast] Error 2



Determining if the fdatasync exist failed with the following output:
Change Dir: /Users/tutmt/rust/sample/target/debug/build/leveldb-sys-1762b994d43a3f28/out/build/CMakeFiles/CMakeTmp

Run Build Command(s):/usr/bin/make -f Makefile cmTC_bd99c/fast && /Applications/Xcode.app/Contents/Developer/usr/bin/make  -f CMakeFiles/cmTC_bd99c.dir/build.make CMakeFiles/cmTC_bd99c.dir/build
Building CXX object CMakeFiles/cmTC_bd99c.dir/CheckSymbolExists.cxx.o
/usr/bin/c++   -I/Users/tutmt/rust/sample/target/debug/build/leveldb-sys-1762b994d43a3f28/out/include -ffunction-sections -fdata-sections -fPIC -arch arm64  -arch arm64 -isysroot /Applications/Xcode.app/Contents/Developer/Platforms/MacOSX.platform/Developer/SDKs/MacOSX12.1.sdk -std=c++11 -MD -MT CMakeFiles/cmTC_bd99c.dir/CheckSymbolExists.cxx.o -MF CMakeFiles/cmTC_bd99c.dir/CheckSymbolExists.cxx.o.d -o CMakeFiles/cmTC_bd99c.dir/CheckSymbolExists.cxx.o -c /Users/tutmt/rust/sample/target/debug/build/leveldb-sys-1762b994d43a3f28/out/build/CMakeFiles/CMakeTmp/CheckSymbolExists.cxx
/Users/tutmt/rust/sample/target/debug/build/leveldb-sys-1762b994d43a3f28/out/build/CMakeFiles/CMakeTmp/CheckSymbolExists.cxx:8:19: error: use of undeclared identifier 'fdatasync'
  return ((int*)(&fdatasync))[argc];
                  ^
1 error generated.
make[1]: *** [CMakeFiles/cmTC_bd99c.dir/CheckSymbolExists.cxx.o] Error 1
make: *** [cmTC_bd99c/fast] Error 2


File /Users/tutmt/rust/sample/target/debug/build/leveldb-sys-1762b994d43a3f28/out/build/CMakeFiles/CMakeTmp/CheckSymbolExists.cxx:
/* */
#include <unistd.h>

int main(int argc, char** argv)
{
  (void)argv;
#ifndef fdatasync
  return ((int*)(&fdatasync))[argc];
#else
  (void)argc;
  return 0;
#endif
}
